<?xml version="1.0" encoding="UTF-8"?>
<!-- Generated by org.testng.reporters.JUnitXMLReporter -->
<testsuite hostname="HJNZL002044" ignored="0" name="EdgeTest" tests="3" failures="0" timestamp="2023-08-12T14:39:06 IST" time="175.848" errors="0">
  <testcase name="runScenario" time="24.237" classname="io.cucumber.testng.AbstractTestNGCucumberTests"/>
  <testcase name="runScenario" time="119.648" classname="io.cucumber.testng.AbstractTestNGCucumberTests"/>
  <testcase name="runScenario" time="20.489" classname="io.cucumber.testng.AbstractTestNGCucumberTests"/>
</testsuite> <!-- EdgeTest -->
