<?xml version="1.0" encoding="UTF-8"?>
<testsuite xmlns:xsi="http://www.w3.org/2001/XMLSchema-instance" xsi:noNamespaceSchemaLocation="https://maven.apache.org/surefire/maven-surefire-plugin/xsd/surefire-test-report-3.0.xsd" version="3.0" name="TestSuite" time="177.739" tests="3" errors="0" skipped="0" failures="0">
  <properties>
[...]
</properties>
  <testcase name="runScenario[&quot;User is able to open the menu tab&quot;, &quot;Optional[Check the Menu Bar Functionality]&quot;](1)" classname="com.psl.runner.MenuTestRunner" time="24.237">
    <system-out><![CDATA[
@menu @menu_options
Scenario: User is able to open the menu tab                                           # src/test/resources/Features/menu.feature:11
Edge is launched........
  Given User is on login page                                                         # com.psl.stepdefinitions.LoginStepDef.user_is_on_login_page()

    Embedding image [image/png 42629 bytes]

  And User is logged in with username "standard_user" and password "secret_sauce"     # com.psl.stepdefinitions.ProductsStepDef.user_is_logged_in_with_username_and_password(java.lang.String,java.lang.String)

    Embedding image [image/png 125234 bytes]

  When User on the products page                                                      # com.psl.stepdefinitions.ProductsStepDef.user_on_the_products_page()

    Embedding image [image/png 249211 bytes]

  When User click on menu                                                             # com.psl.stepdefinitions.MenuStepDef.user_click_on_menu()

    Embedding image [image/png 249469 bytes]

  Then User is able to see the options "All Items" "About" "Logout" "Reset App State" # com.psl.stepdefinitions.MenuStepDef.user_is_able_to_see_the_options(java.lang.String,java.lang.String,java.lang.String,java.lang.String)

    Embedding image [image/png 223574 bytes]

]]></system-out>
    <system-err><![CDATA[SLF4J: No SLF4J providers were found.
SLF4J: Defaulting to no-operation (NOP) logger implementation
SLF4J: See https://www.slf4j.org/codes.html#noProviders for further details.
]]></system-err>
  </testcase>
  <testcase name="runScenario[&quot;User is able to see the About tab information&quot;, &quot;Optional[Check the Menu Bar Functionality]&quot;](2)" classname="com.psl.runner.MenuTestRunner" time="119.647">
    <system-out><![CDATA[
@menu @about
Scenario: User is able to see the About tab information                           # src/test/resources/Features/menu.feature:15
Edge is launched........
  Given User is on login page                                                     # com.psl.stepdefinitions.LoginStepDef.user_is_on_login_page()

    Embedding image [image/png 42629 bytes]

  And User is logged in with username "standard_user" and password "secret_sauce" # com.psl.stepdefinitions.ProductsStepDef.user_is_logged_in_with_username_and_password(java.lang.String,java.lang.String)

    Embedding image [image/png 295485 bytes]

  When User on the products page                                                  # com.psl.stepdefinitions.ProductsStepDef.user_on_the_products_page()

    Embedding image [image/png 295485 bytes]

  When User click on menu                                                         # com.psl.stepdefinitions.MenuStepDef.user_click_on_menu()

    Embedding image [image/png 301199 bytes]

  When User click on About tab                                                    # com.psl.stepdefinitions.MenuStepDef.user_click_on_about_tab()

    Embedding image [image/png 85560 bytes]

  Then User is able to see the tabs "Products" "Solutions" "Pricing" "Resources"  # com.psl.stepdefinitions.MenuStepDef.user_is_able_to_see_the_tabs(java.lang.String,java.lang.String,java.lang.String,java.lang.String)

    Embedding image [image/png 85560 bytes]

]]></system-out>
  </testcase>
  <testcase name="runScenario[&quot;User should logout successfully and redirect to the login page again&quot;, &quot;Optional[Check the Menu Bar Functionality]&quot;](3)" classname="com.psl.runner.MenuTestRunner" time="20.49">
    <system-out><![CDATA[
@menu @logout
Scenario: User should logout successfully and redirect to the login page again    # src/test/resources/Features/menu.feature:20
Edge is launched........
  Given User is on login page                                                     # com.psl.stepdefinitions.LoginStepDef.user_is_on_login_page()

    Embedding image [image/png 42629 bytes]

  And User is logged in with username "standard_user" and password "secret_sauce" # com.psl.stepdefinitions.ProductsStepDef.user_is_logged_in_with_username_and_password(java.lang.String,java.lang.String)

    Embedding image [image/png 250090 bytes]

  When User on the products page                                                  # com.psl.stepdefinitions.ProductsStepDef.user_on_the_products_page()

    Embedding image [image/png 250090 bytes]

  When User click on menu                                                         # com.psl.stepdefinitions.MenuStepDef.user_click_on_menu()

    Embedding image [image/png 250383 bytes]

  When User click on logout option                                                # com.psl.stepdefinitions.MenuStepDef.user_click_on_logout_option()

    Embedding image [image/png 42629 bytes]

  Then Redirect to the login page again                                           # com.psl.stepdefinitions.MenuStepDef.redirect_to_the_login_page_again()

    Embedding image [image/png 42629 bytes]

]]></system-out>
  </testcase>
</testsuite>